<?xml version="1.0" encoding="UTF-8"?>
<!-- Generated by org.testng.reporters.JUnitReportReporter -->
<testsuite skipped="0" hostname="LAPTOP-RBB10BGR" name="day1.GitHubExample" tests="2" failures="0" timestamp="09 Nov 2021 12:25:58 GMT" time="3.120" errors="0">
  <testcase name="getAllRepo" time="0.914" classname="day1.GitHubExample"/>
  <testcase name="addRepository" time="2.206" classname="day1.GitHubExample"/>
</testsuite> <!-- day1.GitHubExample -->
