<?xml version="1.0" encoding="UTF-8"?>
<!-- Generated by org.testng.reporters.JUnitReportReporter -->
<testsuite skipped="1" hostname="LAPTOP-RBB10BGR" name="day1.PositiveTest" tests="5" failures="0" timestamp="09 Nov 2021 17:19:51 GMT" time="6.922" errors="0">
  <testcase name="DeleteSpecficContact" time="1.052" classname="day1.PositiveTest"/>
  <testcase name="addContact" time="3.851" classname="day1.PositiveTest"/>
  <testcase name="UpdateContact" time="1.189" classname="day1.PositiveTest"/>
  <testcase name="getSpecficContact" time="0.830" classname="day1.PositiveTest"/>
  <testcase name="getAllContactList" classname="day1.PositiveTest">
    <skipped/>
  </testcase> <!-- getAllContactList -->
</testsuite> <!-- day1.PositiveTest -->
