<?xml version="1.0" encoding="UTF-8"?>
<!-- Generated by org.testng.reporters.JUnitReportReporter -->
<testsuite skipped="2" hostname="LAPTOP-RBB10BGR" name="day1.OpenWeatherAPI" tests="3" failures="0" timestamp="09 Nov 2021 07:01:15 GMT" time="2.215" errors="0">
  <testcase name="getWeatherInfo" time="2.215" classname="day1.OpenWeatherAPI"/>
  <testcase name="getWeatherInfo3" classname="day1.OpenWeatherAPI">
    <skipped/>
  </testcase> <!-- getWeatherInfo3 -->
  <testcase name="getWeatherInfo2" classname="day1.OpenWeatherAPI">
    <skipped/>
  </testcase> <!-- getWeatherInfo2 -->
</testsuite> <!-- day1.OpenWeatherAPI -->
